{"C:\\Users\\joaom\\Desktop\\IFPE\\6º PERÍODO\\Gestão e Configuração 2\\prj-gestao2\\controllers\\movieController.js": {"path":"C:\\Users\\joaom\\Desktop\\IFPE\\6º PERÍODO\\Gestão e Configuração 2\\prj-gestao2\\controllers\\movieController.js","statementMap":{"0":{"start":{"line":2,"column":19},"end":{"line":18,"column":3}},"1":{"start":{"line":12,"column":6},"end":{"line":16,"column":7}},"2":{"start":{"line":13,"column":8},"end":{"line":13,"column":52}},"3":{"start":{"line":15,"column":8},"end":{"line":15,"column":52}},"4":{"start":{"line":20,"column":26},"end":{"line":59,"column":3}},"5":{"start":{"line":22,"column":6},"end":{"line":27,"column":7}},"6":{"start":{"line":23,"column":24},"end":{"line":23,"column":47}},"7":{"start":{"line":24,"column":8},"end":{"line":24,"column":38}},"8":{"start":{"line":26,"column":8},"end":{"line":26,"column":67}},"9":{"start":{"line":31,"column":6},"end":{"line":38,"column":7}},"10":{"start":{"line":32,"column":22},"end":{"line":32,"column":45}},"11":{"start":{"line":33,"column":25},"end":{"line":33,"column":55}},"12":{"start":{"line":34,"column":8},"end":{"line":34,"column":69}},"13":{"start":{"line":36,"column":8},"end":{"line":36,"column":27}},"14":{"start":{"line":37,"column":8},"end":{"line":37,"column":69}},"15":{"start":{"line":42,"column":6},"end":{"line":56,"column":7}},"16":{"start":{"line":43,"column":23},"end":{"line":43,"column":33}},"17":{"start":{"line":45,"column":22},"end":{"line":45,"column":61}},"18":{"start":{"line":47,"column":8},"end":{"line":49,"column":9}},"19":{"start":{"line":48,"column":10},"end":{"line":48,"column":71}},"20":{"start":{"line":51,"column":8},"end":{"line":51,"column":68}},"21":{"start":{"line":54,"column":10},"end":{"line":54,"column":29}},"22":{"start":{"line":55,"column":10},"end":{"line":55,"column":69}},"23":{"start":{"line":61,"column":2},"end":{"line":61,"column":35}}},"fnMap":{"0":{"name":"(anonymous_0)","decl":{"start":{"line":11,"column":44},"end":{"line":11,"column":45}},"loc":{"start":{"line":11,"column":55},"end":{"line":17,"column":5}},"line":11},"1":{"name":"(anonymous_1)","decl":{"start":{"line":21,"column":13},"end":{"line":21,"column":14}},"loc":{"start":{"line":21,"column":33},"end":{"line":28,"column":5}},"line":21},"2":{"name":"(anonymous_2)","decl":{"start":{"line":30,"column":12},"end":{"line":30,"column":13}},"loc":{"start":{"line":30,"column":32},"end":{"line":39,"column":5}},"line":30},"3":{"name":"(anonymous_3)","decl":{"start":{"line":41,"column":12},"end":{"line":41,"column":13}},"loc":{"start":{"line":41,"column":32},"end":{"line":57,"column":5}},"line":41}},"branchMap":{"0":{"loc":{"start":{"line":12,"column":6},"end":{"line":16,"column":7}},"type":"if","locations":[{"start":{"line":12,"column":6},"end":{"line":16,"column":7}},{"start":{"line":14,"column":13},"end":{"line":16,"column":7}}],"line":12},"1":{"loc":{"start":{"line":12,"column":10},"end":{"line":12,"column":48}},"type":"binary-expr","locations":[{"start":{"line":12,"column":10},"end":{"line":12,"column":27}},{"start":{"line":12,"column":31},"end":{"line":12,"column":48}}],"line":12},"2":{"loc":{"start":{"line":47,"column":8},"end":{"line":49,"column":9}},"type":"if","locations":[{"start":{"line":47,"column":8},"end":{"line":49,"column":9}},{"start":{},"end":{}}],"line":47}},"s":{"0":1,"1":2,"2":1,"3":1,"4":1,"5":1,"6":1,"7":1,"8":0,"9":1,"10":1,"11":1,"12":1,"13":0,"14":0,"15":2,"16":2,"17":2,"18":2,"19":1,"20":1,"21":0,"22":0,"23":1},"f":{"0":2,"1":1,"2":1,"3":2},"b":{"0":[1,1],"1":[2,1],"2":[1,1]},"_coverageSchema":"1a1c01bbd47fc00a2c39e90264f33305004495a9","hash":"13f7c1625d0ca32bec3feef192d8c3fa1d0a6b31"}
}
