TN:
SF:controllers\movieController.js
FN:11,(anonymous_0)
FN:21,(anonymous_1)
FN:30,(anonymous_2)
FN:41,(anonymous_3)
FNF:4
FNH:2
FNDA:0,(anonymous_0)
FNDA:1,(anonymous_1)
FNDA:1,(anonymous_2)
FNDA:0,(anonymous_3)
DA:2,1
DA:12,0
DA:13,0
DA:15,0
DA:20,1
DA:22,1
DA:23,1
DA:24,1
DA:26,0
DA:31,1
DA:32,1
DA:33,1
DA:34,1
DA:36,0
DA:37,0
DA:42,0
DA:43,0
DA:45,0
DA:47,0
DA:48,0
DA:51,0
DA:54,0
DA:55,0
DA:61,1
LF:24
LH:10
BRDA:12,0,0,0
BRDA:12,0,1,0
BRDA:12,1,0,0
BRDA:12,1,1,0
BRDA:47,2,0,0
BRDA:47,2,1,0
BRF:6
BRH:0
end_of_record
